<?xml version="1.0" encoding="UTF-8"?>
<!-- Generated by org.testng.reporters.JUnitReportReporter -->
<testsuite skipped="0" hostname="DESKTOP-63CJNM0" name="com.byjus.test.TestRunTest" tests="1" failures="0" timestamp="11 Jul 2018 09:47:22 GMT" time="0.230" errors="0">
  <testcase name="feature" time="0.230" classname="com.byjus.test.TestRunTest"/>
</testsuite> <!-- com.byjus.test.TestRunTest -->
